
> 6@1.0.0 test:coverage
> jest --coverage

PASS ./enigma.test.js
  mod function
    ✓ should handle positive numbers (2 ms)
    ✓ should handle negative numbers (1 ms)
    ✓ should handle zero (1 ms)
    ✓ should handle edge cases (1 ms)
  plugboardSwap function
    ✓ should swap letters according to pairs (1 ms)
    ✓ should return unchanged letter if not in pairs
    ✓ should work with empty pairs (1 ms)
    ✓ should work with multiple pairs
  Rotor class
    ✓ should initialize correctly (1 ms)
    ✓ should initialize with custom parameters (1 ms)
    ✓ should step correctly
    ✓ should detect notch position correctly (1 ms)
    ✓ should perform forward substitution
    ✓ should perform backward substitution (1 ms)
    ✓ should handle ring settings
    ✓ should handle rotor position changes
  Enigma class
    ✓ should initialize correctly (1 ms)
    ✓ should initialize with custom parameters (1 ms)
    ✓ should step rotors correctly
    ✓ should handle rotor stepping logic
    ✓ should encrypt single character correctly (1 ms)
    ✓ should be reciprocal (encrypt = decrypt)
    ✓ should handle non-alphabetic characters (1 ms)
    ✓ should process full text messages (2 ms)
    ✓ should work with plugboard (1 ms)
    ✓ should work with different rotor positions (1 ms)
    ✓ should work with ring settings (1 ms)
    ✓ should convert text to uppercase (1 ms)
    ✓ should never encrypt a letter to itself (174 ms)
  Integration tests
    ✓ should handle long messages correctly (1 ms)
    ✓ should handle all rotor configurations (1 ms)
    ✓ should handle complex plugboard configurations
    ✓ should handle rotor notch transitions correctly (1 ms)
  Constants validation
    ✓ should have correct rotor configurations (1 ms)
    ✓ should have correct reflector configuration (2 ms)
    ✓ should have correct alphabet

-----------|---------|----------|---------|---------|-------------------
File       | % Stmts | % Branch | % Funcs | % Lines | Uncovered Line #s 
-----------|---------|----------|---------|---------|-------------------
All files  |   76.66 |    68.75 |   68.42 |   73.58 |                   
 enigma.js |   76.66 |    68.75 |   68.42 |   73.58 | 91-115,123        
-----------|---------|----------|---------|---------|-------------------
Test Suites: 1 passed, 1 total
Tests:       36 passed, 36 total
Snapshots:   0 total
Time:        0.458 s, estimated 1 s
Ran all test suites.
